mode: set
github.com/marioTiara/todolistapp/internal/api/services/file_service.go:29.83,31.2 1 1
github.com/marioTiara/todolistapp/internal/api/services/file_service.go:33.104,36.16 3 0
github.com/marioTiara/todolistapp/internal/api/services/file_service.go:36.16,38.3 1 0
github.com/marioTiara/todolistapp/internal/api/services/file_service.go:39.2,44.16 5 0
github.com/marioTiara/todolistapp/internal/api/services/file_service.go:44.16,46.3 1 0
github.com/marioTiara/todolistapp/internal/api/services/file_service.go:47.2,55.24 6 0
github.com/marioTiara/todolistapp/internal/api/services/file_service.go:58.75,63.2 4 0
github.com/marioTiara/todolistapp/internal/api/services/file_service.go:65.69,70.2 4 0
github.com/marioTiara/todolistapp/internal/api/services/file_service.go:72.55,77.2 4 0
github.com/marioTiara/todolistapp/internal/api/services/file_service.go:79.59,83.16 4 0
github.com/marioTiara/todolistapp/internal/api/services/file_service.go:83.16,85.3 1 0
github.com/marioTiara/todolistapp/internal/api/services/file_service.go:86.2,87.29 2 0
github.com/marioTiara/todolistapp/internal/api/services/file_service.go:87.29,90.3 2 0
github.com/marioTiara/todolistapp/internal/api/services/file_service.go:91.2,92.12 2 0
github.com/marioTiara/todolistapp/internal/api/services/file_service.go:95.58,99.2 3 0
github.com/marioTiara/todolistapp/internal/api/services/file_service_mock.go:28.67,32.2 3 0
github.com/marioTiara/todolistapp/internal/api/services/file_service_mock.go:35.65,37.2 1 0
github.com/marioTiara/todolistapp/internal/api/services/file_service_mock.go:40.57,45.2 4 0
github.com/marioTiara/todolistapp/internal/api/services/file_service_mock.go:48.84,51.2 2 0
github.com/marioTiara/todolistapp/internal/api/services/file_service_mock.go:54.61,59.2 4 0
github.com/marioTiara/todolistapp/internal/api/services/file_service_mock.go:62.88,65.2 2 0
github.com/marioTiara/todolistapp/internal/api/services/file_service_mock.go:68.60,73.2 4 0
github.com/marioTiara/todolistapp/internal/api/services/file_service_mock.go:76.84,79.2 2 0
github.com/marioTiara/todolistapp/internal/api/services/file_service_mock.go:82.71,88.2 5 0
github.com/marioTiara/todolistapp/internal/api/services/file_service_mock.go:91.81,94.2 2 0
github.com/marioTiara/todolistapp/internal/api/services/file_service_mock.go:97.77,103.2 5 0
github.com/marioTiara/todolistapp/internal/api/services/file_service_mock.go:106.85,109.2 2 0
github.com/marioTiara/todolistapp/internal/api/services/file_service_mock.go:112.106,118.2 5 0
github.com/marioTiara/todolistapp/internal/api/services/file_service_mock.go:121.88,124.2 2 0
github.com/marioTiara/todolistapp/internal/api/services/services.go:18.77,20.2 1 0
github.com/marioTiara/todolistapp/internal/api/services/services.go:22.45,24.2 1 0
github.com/marioTiara/todolistapp/internal/api/services/services.go:26.45,28.2 1 0
github.com/marioTiara/todolistapp/internal/api/services/task_service.go:27.84,29.2 1 0
github.com/marioTiara/todolistapp/internal/api/services/task_service.go:31.65,33.16 2 0
github.com/marioTiara/todolistapp/internal/api/services/task_service.go:33.16,35.3 1 0
github.com/marioTiara/todolistapp/internal/api/services/task_service.go:36.2,37.29 2 0
github.com/marioTiara/todolistapp/internal/api/services/task_service.go:37.29,40.3 2 0
github.com/marioTiara/todolistapp/internal/api/services/task_service.go:41.2,41.29 1 0
github.com/marioTiara/todolistapp/internal/api/services/task_service.go:44.85,49.2 4 0
github.com/marioTiara/todolistapp/internal/api/services/task_service.go:51.137,56.16 5 0
github.com/marioTiara/todolistapp/internal/api/services/task_service.go:56.16,58.3 1 0
github.com/marioTiara/todolistapp/internal/api/services/task_service.go:59.2,59.35 1 0
github.com/marioTiara/todolistapp/internal/api/services/task_service.go:59.35,62.3 2 0
github.com/marioTiara/todolistapp/internal/api/services/task_service.go:63.2,63.32 1 0
github.com/marioTiara/todolistapp/internal/api/services/task_service.go:66.78,70.37 2 0
github.com/marioTiara/todolistapp/internal/api/services/task_service.go:70.37,72.3 1 0
github.com/marioTiara/todolistapp/internal/api/services/task_service.go:73.2,76.25 4 0
github.com/marioTiara/todolistapp/internal/api/services/task_service.go:79.91,82.2 2 0
github.com/marioTiara/todolistapp/internal/api/services/task_service.go:84.124,90.16 5 0
github.com/marioTiara/todolistapp/internal/api/services/task_service.go:90.16,92.3 1 0
github.com/marioTiara/todolistapp/internal/api/services/task_service.go:93.2,94.35 2 0
github.com/marioTiara/todolistapp/internal/api/services/task_service.go:94.35,97.3 2 0
github.com/marioTiara/todolistapp/internal/api/services/task_service.go:98.2,98.29 1 0
github.com/marioTiara/todolistapp/internal/api/services/task_service.go:101.46,106.2 4 0
github.com/marioTiara/todolistapp/internal/api/services/task_service.go:108.87,118.2 5 0
github.com/marioTiara/todolistapp/internal/api/services/task_service.go:120.74,123.2 2 0
github.com/marioTiara/todolistapp/internal/api/services/task_service.go:125.69,127.29 2 0
github.com/marioTiara/todolistapp/internal/api/services/task_service.go:127.29,128.27 1 0
github.com/marioTiara/todolistapp/internal/api/services/task_service.go:128.27,130.4 1 0
github.com/marioTiara/todolistapp/internal/api/services/task_service.go:133.2,133.21 1 0
github.com/marioTiara/todolistapp/internal/api/services/task_service_mock.go:27.67,31.2 3 0
github.com/marioTiara/todolistapp/internal/api/services/task_service_mock.go:34.65,36.2 1 0
github.com/marioTiara/todolistapp/internal/api/services/task_service_mock.go:39.81,45.2 5 0
github.com/marioTiara/todolistapp/internal/api/services/task_service_mock.go:48.78,51.2 2 0
github.com/marioTiara/todolistapp/internal/api/services/task_service_mock.go:54.94,60.2 5 0
github.com/marioTiara/todolistapp/internal/api/services/task_service_mock.go:63.88,66.2 2 0
github.com/marioTiara/todolistapp/internal/api/services/task_service_mock.go:69.49,74.2 4 0
github.com/marioTiara/todolistapp/internal/api/services/task_service_mock.go:77.76,80.2 2 0
github.com/marioTiara/todolistapp/internal/api/services/task_service_mock.go:83.127,89.2 5 0
github.com/marioTiara/todolistapp/internal/api/services/task_service_mock.go:92.118,95.2 2 0
github.com/marioTiara/todolistapp/internal/api/services/task_service_mock.go:98.68,104.2 5 0
github.com/marioTiara/todolistapp/internal/api/services/task_service_mock.go:107.63,110.2 2 0
github.com/marioTiara/todolistapp/internal/api/services/task_service_mock.go:113.88,119.2 5 0
github.com/marioTiara/todolistapp/internal/api/services/task_service_mock.go:122.87,125.2 2 0
github.com/marioTiara/todolistapp/internal/api/services/task_service_mock.go:128.140,134.2 5 0
github.com/marioTiara/todolistapp/internal/api/services/task_service_mock.go:137.128,140.2 2 0
github.com/marioTiara/todolistapp/internal/api/services/task_service_mock.go:143.90,149.2 5 0
github.com/marioTiara/todolistapp/internal/api/services/task_service_mock.go:152.82,155.2 2 0
